[debug] [2025-05-30T13:41:05.953Z] ----------------------------------------------------------------------
[debug] [2025-05-30T13:41:05.955Z] Command:       C:\Program Files\nodejs\node.exe C:\Users\고민성\AppData\Roaming\npm\node_modules\firebase-tools\lib\bin\firebase.js init hosting
[debug] [2025-05-30T13:41:05.956Z] CLI Version:   14.5.0
[debug] [2025-05-30T13:41:05.956Z] Platform:      win32
[debug] [2025-05-30T13:41:05.956Z] Node Version:  v22.15.0
[debug] [2025-05-30T13:41:05.956Z] Time:          Fri May 30 2025 22:41:05 GMT+0900 (대한민국 표준시)
[debug] [2025-05-30T13:41:05.956Z] ----------------------------------------------------------------------
[debug] 
[debug] [2025-05-30T13:41:06.088Z] > command requires scopes: ["email","openid","https://www.googleapis.com/auth/cloudplatformprojects.readonly","https://www.googleapis.com/auth/firebase","https://www.googleapis.com/auth/cloud-platform"]
[debug] [2025-05-30T13:41:06.088Z] > authorizing via signed-in user (msko20702@gmail.com)
[info] 
     ######## #### ########  ######## ########     ###     ######  ########
     ##        ##  ##     ## ##       ##     ##  ##   ##  ##       ##
     ######    ##  ########  ######   ########  #########  ######  ######
     ##        ##  ##    ##  ##       ##     ## ##     ##       ## ##
     ##       #### ##     ## ######## ########  ##     ##  ######  ########

You're about to initialize a Firebase project in this directory:

  C:\Users\고민성\Documents\2025-1-CSC4004-1-7-aco-1

Before we get started, keep in mind:

  * You are initializing within an existing Firebase project directory

[info] 
=== Project Setup
[info] 
[info] First, let's associate this project directory with a Firebase project.
[info] You can create multiple project aliases by running firebase use --add, 
[info] but for now we'll just set up a default project.
[info] 
[debug] [2025-05-30T13:41:09.752Z] Using project from CLI flag: maeumnaru-osp7
[debug] [2025-05-30T13:41:09.753Z] Checked if tokens are valid: true, expires at: 1748616054394
[debug] [2025-05-30T13:41:09.754Z] Checked if tokens are valid: true, expires at: 1748616054394
[debug] [2025-05-30T13:41:09.755Z] >>> [apiv2][query] GET https://firebase.googleapis.com/v1beta1/projects/maeumnaru-osp7 [none]
[debug] [2025-05-30T13:41:10.499Z] <<< [apiv2][status] GET https://firebase.googleapis.com/v1beta1/projects/maeumnaru-osp7 403
[debug] [2025-05-30T13:41:10.499Z] <<< [apiv2][body] GET https://firebase.googleapis.com/v1beta1/projects/maeumnaru-osp7 {"error":{"code":403,"message":"The caller does not have permission","status":"PERMISSION_DENIED"}}
[debug] [2025-05-30T13:41:10.500Z] Request to https://firebase.googleapis.com/v1beta1/projects/maeumnaru-osp7 had HTTP Error: 403, The caller does not have permission
[debug] [2025-05-30T13:41:10.926Z] FirebaseError: Request to https://firebase.googleapis.com/v1beta1/projects/maeumnaru-osp7 had HTTP Error: 403, The caller does not have permission
    at responseToError (C:\Users\고민성\AppData\Roaming\npm\node_modules\firebase-tools\lib\responseToError.js:52:12)
    at RetryOperation._fn (C:\Users\고민성\AppData\Roaming\npm\node_modules\firebase-tools\lib\apiv2.js:312:77)
    at process.processTicksAndRejections (node:internal/process/task_queues:105:5)
[error] 
[error] Error: Failed to get Firebase project maeumnaru-osp7. Please make sure the project exists and your account has permission to access it.
